The system is: Linux - 4.4.0-19041-Microsoft - x86_64
Compiling the C compiler identification source file "CMakeCCompilerId.c" succeeded.
Compiler: /usr/bin/cc 
Build flags: 
Id flags:  

The output was:
0


Compilation of the C compiler identification source "CMakeCCompilerId.c" produced "a.out"

The C compiler identification is GNU, found in "/home/antonov548/jxl/build/CMakeFiles/3.16.3/CompilerIdC/a.out"

Determining if the C compiler works passed with the following output:
Change Dir: /home/antonov548/jxl/build/CMakeFiles/CMakeTmp

Run Build Command(s):/usr/bin/make cmTC_1ecd5/fast && /usr/bin/make -f CMakeFiles/cmTC_1ecd5.dir/build.make CMakeFiles/cmTC_1ecd5.dir/build
make[1]: Entering directory '/home/antonov548/jxl/build/CMakeFiles/CMakeTmp'
Building C object CMakeFiles/cmTC_1ecd5.dir/testCCompiler.c.o
/usr/bin/cc    -o CMakeFiles/cmTC_1ecd5.dir/testCCompiler.c.o   -c /home/antonov548/jxl/build/CMakeFiles/CMakeTmp/testCCompiler.c
Linking C executable cmTC_1ecd5
/usr/bin/cmake -E cmake_link_script CMakeFiles/cmTC_1ecd5.dir/link.txt --verbose=1
/usr/bin/cc      CMakeFiles/cmTC_1ecd5.dir/testCCompiler.c.o  -o cmTC_1ecd5 
make[1]: Leaving directory '/home/antonov548/jxl/build/CMakeFiles/CMakeTmp'



Detecting C compiler ABI info compiled with the following output:
Change Dir: /home/antonov548/jxl/build/CMakeFiles/CMakeTmp

Run Build Command(s):/usr/bin/make cmTC_1066d/fast && /usr/bin/make -f CMakeFiles/cmTC_1066d.dir/build.make CMakeFiles/cmTC_1066d.dir/build
make[1]: Entering directory '/home/antonov548/jxl/build/CMakeFiles/CMakeTmp'
Building C object CMakeFiles/cmTC_1066d.dir/CMakeCCompilerABI.c.o
/usr/bin/cc   -v -o CMakeFiles/cmTC_1066d.dir/CMakeCCompilerABI.c.o   -c /usr/share/cmake-3.16/Modules/CMakeCCompilerABI.c
Using built-in specs.
COLLECT_GCC=/usr/bin/cc
OFFLOAD_TARGET_NAMES=nvptx-none:hsa
OFFLOAD_TARGET_DEFAULT=1
Target: x86_64-linux-gnu
Configured with: ../src/configure -v --with-pkgversion='Ubuntu 9.3.0-17ubuntu1~20.04' --with-bugurl=file:///usr/share/doc/gcc-9/README.Bugs --enable-languages=c,ada,c++,go,brig,d,fortran,objc,obj-c++,gm2 --prefix=/usr --with-gcc-major-version-only --program-suffix=-9 --program-prefix=x86_64-linux-gnu- --enable-shared --enable-linker-build-id --libexecdir=/usr/lib --without-included-gettext --enable-threads=posix --libdir=/usr/lib --enable-nls --enable-clocale=gnu --enable-libstdcxx-debug --enable-libstdcxx-time=yes --with-default-libstdcxx-abi=new --enable-gnu-unique-object --disable-vtable-verify --enable-plugin --enable-default-pie --with-system-zlib --with-target-system-zlib=auto --enable-objc-gc=auto --enable-multiarch --disable-werror --with-arch-32=i686 --with-abi=m64 --with-multilib-list=m32,m64,mx32 --enable-multilib --with-tune=generic --enable-offload-targets=nvptx-none=/build/gcc-9-HskZEa/gcc-9-9.3.0/debian/tmp-nvptx/usr,hsa --without-cuda-driver --enable-checking=release --build=x86_64-linux-gnu --host=x86_64-linux-gnu --target=x86_64-linux-gnu
Thread model: posix
gcc version 9.3.0 (Ubuntu 9.3.0-17ubuntu1~20.04) 
COLLECT_GCC_OPTIONS='-v' '-o' 'CMakeFiles/cmTC_1066d.dir/CMakeCCompilerABI.c.o' '-c' '-mtune=generic' '-march=x86-64'
 /usr/lib/gcc/x86_64-linux-gnu/9/cc1 -quiet -v -imultiarch x86_64-linux-gnu /usr/share/cmake-3.16/Modules/CMakeCCompilerABI.c -quiet -dumpbase CMakeCCompilerABI.c -mtune=generic -march=x86-64 -auxbase-strip CMakeFiles/cmTC_1066d.dir/CMakeCCompilerABI.c.o -version -fasynchronous-unwind-tables -fstack-protector-strong -Wformat -Wformat-security -fstack-clash-protection -fcf-protection -o /tmp/ccr8lR6x.s
GNU C17 (Ubuntu 9.3.0-17ubuntu1~20.04) version 9.3.0 (x86_64-linux-gnu)
	compiled by GNU C version 9.3.0, GMP version 6.2.0, MPFR version 4.0.2, MPC version 1.1.0, isl version isl-0.22.1-GMP

GGC heuristics: --param ggc-min-expand=100 --param ggc-min-heapsize=131072
ignoring nonexistent directory "/usr/local/include/x86_64-linux-gnu"
ignoring nonexistent directory "/usr/lib/gcc/x86_64-linux-gnu/9/include-fixed"
ignoring nonexistent directory "/usr/lib/gcc/x86_64-linux-gnu/9/../../../../x86_64-linux-gnu/include"
#include "..." search starts here:
#include <...> search starts here:
 /usr/lib/gcc/x86_64-linux-gnu/9/include
 /usr/local/include
 /usr/include/x86_64-linux-gnu
 /usr/include
End of search list.
GNU C17 (Ubuntu 9.3.0-17ubuntu1~20.04) version 9.3.0 (x86_64-linux-gnu)
	compiled by GNU C version 9.3.0, GMP version 6.2.0, MPFR version 4.0.2, MPC version 1.1.0, isl version isl-0.22.1-GMP

GGC heuristics: --param ggc-min-expand=100 --param ggc-min-heapsize=131072
Compiler executable checksum: bbf13931d8de1abe14040c9909cb6969
COLLECT_GCC_OPTIONS='-v' '-o' 'CMakeFiles/cmTC_1066d.dir/CMakeCCompilerABI.c.o' '-c' '-mtune=generic' '-march=x86-64'
 as -v --64 -o CMakeFiles/cmTC_1066d.dir/CMakeCCompilerABI.c.o /tmp/ccr8lR6x.s
GNU assembler version 2.34 (x86_64-linux-gnu) using BFD version (GNU Binutils for Ubuntu) 2.34
COMPILER_PATH=/usr/lib/gcc/x86_64-linux-gnu/9/:/usr/lib/gcc/x86_64-linux-gnu/9/:/usr/lib/gcc/x86_64-linux-gnu/:/usr/lib/gcc/x86_64-linux-gnu/9/:/usr/lib/gcc/x86_64-linux-gnu/
LIBRARY_PATH=/usr/lib/gcc/x86_64-linux-gnu/9/:/usr/lib/gcc/x86_64-linux-gnu/9/../../../x86_64-linux-gnu/:/usr/lib/gcc/x86_64-linux-gnu/9/../../../../lib/:/lib/x86_64-linux-gnu/:/lib/../lib/:/usr/lib/x86_64-linux-gnu/:/usr/lib/../lib/:/usr/lib/gcc/x86_64-linux-gnu/9/../../../:/lib/:/usr/lib/
COLLECT_GCC_OPTIONS='-v' '-o' 'CMakeFiles/cmTC_1066d.dir/CMakeCCompilerABI.c.o' '-c' '-mtune=generic' '-march=x86-64'
Linking C executable cmTC_1066d
/usr/bin/cmake -E cmake_link_script CMakeFiles/cmTC_1066d.dir/link.txt --verbose=1
/usr/bin/cc     -v CMakeFiles/cmTC_1066d.dir/CMakeCCompilerABI.c.o  -o cmTC_1066d 
Using built-in specs.
COLLECT_GCC=/usr/bin/cc
COLLECT_LTO_WRAPPER=/usr/lib/gcc/x86_64-linux-gnu/9/lto-wrapper
OFFLOAD_TARGET_NAMES=nvptx-none:hsa
OFFLOAD_TARGET_DEFAULT=1
Target: x86_64-linux-gnu
Configured with: ../src/configure -v --with-pkgversion='Ubuntu 9.3.0-17ubuntu1~20.04' --with-bugurl=file:///usr/share/doc/gcc-9/README.Bugs --enable-languages=c,ada,c++,go,brig,d,fortran,objc,obj-c++,gm2 --prefix=/usr --with-gcc-major-version-only --program-suffix=-9 --program-prefix=x86_64-linux-gnu- --enable-shared --enable-linker-build-id --libexecdir=/usr/lib --without-included-gettext --enable-threads=posix --libdir=/usr/lib --enable-nls --enable-clocale=gnu --enable-libstdcxx-debug --enable-libstdcxx-time=yes --with-default-libstdcxx-abi=new --enable-gnu-unique-object --disable-vtable-verify --enable-plugin --enable-default-pie --with-system-zlib --with-target-system-zlib=auto --enable-objc-gc=auto --enable-multiarch --disable-werror --with-arch-32=i686 --with-abi=m64 --with-multilib-list=m32,m64,mx32 --enable-multilib --with-tune=generic --enable-offload-targets=nvptx-none=/build/gcc-9-HskZEa/gcc-9-9.3.0/debian/tmp-nvptx/usr,hsa --without-cuda-driver --enable-checking=release --build=x86_64-linux-gnu --host=x86_64-linux-gnu --target=x86_64-linux-gnu
Thread model: posix
gcc version 9.3.0 (Ubuntu 9.3.0-17ubuntu1~20.04) 
COMPILER_PATH=/usr/lib/gcc/x86_64-linux-gnu/9/:/usr/lib/gcc/x86_64-linux-gnu/9/:/usr/lib/gcc/x86_64-linux-gnu/:/usr/lib/gcc/x86_64-linux-gnu/9/:/usr/lib/gcc/x86_64-linux-gnu/
LIBRARY_PATH=/usr/lib/gcc/x86_64-linux-gnu/9/:/usr/lib/gcc/x86_64-linux-gnu/9/../../../x86_64-linux-gnu/:/usr/lib/gcc/x86_64-linux-gnu/9/../../../../lib/:/lib/x86_64-linux-gnu/:/lib/../lib/:/usr/lib/x86_64-linux-gnu/:/usr/lib/../lib/:/usr/lib/gcc/x86_64-linux-gnu/9/../../../:/lib/:/usr/lib/
COLLECT_GCC_OPTIONS='-v' '-o' 'cmTC_1066d' '-mtune=generic' '-march=x86-64'
 /usr/lib/gcc/x86_64-linux-gnu/9/collect2 -plugin /usr/lib/gcc/x86_64-linux-gnu/9/liblto_plugin.so -plugin-opt=/usr/lib/gcc/x86_64-linux-gnu/9/lto-wrapper -plugin-opt=-fresolution=/tmp/ccEVLcJZ.res -plugin-opt=-pass-through=-lgcc -plugin-opt=-pass-through=-lgcc_s -plugin-opt=-pass-through=-lc -plugin-opt=-pass-through=-lgcc -plugin-opt=-pass-through=-lgcc_s --build-id --eh-frame-hdr -m elf_x86_64 --hash-style=gnu --as-needed -dynamic-linker /lib64/ld-linux-x86-64.so.2 -pie -z now -z relro -o cmTC_1066d /usr/lib/gcc/x86_64-linux-gnu/9/../../../x86_64-linux-gnu/Scrt1.o /usr/lib/gcc/x86_64-linux-gnu/9/../../../x86_64-linux-gnu/crti.o /usr/lib/gcc/x86_64-linux-gnu/9/crtbeginS.o -L/usr/lib/gcc/x86_64-linux-gnu/9 -L/usr/lib/gcc/x86_64-linux-gnu/9/../../../x86_64-linux-gnu -L/usr/lib/gcc/x86_64-linux-gnu/9/../../../../lib -L/lib/x86_64-linux-gnu -L/lib/../lib -L/usr/lib/x86_64-linux-gnu -L/usr/lib/../lib -L/usr/lib/gcc/x86_64-linux-gnu/9/../../.. CMakeFiles/cmTC_1066d.dir/CMakeCCompilerABI.c.o -lgcc --push-state --as-needed -lgcc_s --pop-state -lc -lgcc --push-state --as-needed -lgcc_s --pop-state /usr/lib/gcc/x86_64-linux-gnu/9/crtendS.o /usr/lib/gcc/x86_64-linux-gnu/9/../../../x86_64-linux-gnu/crtn.o
COLLECT_GCC_OPTIONS='-v' '-o' 'cmTC_1066d' '-mtune=generic' '-march=x86-64'
make[1]: Leaving directory '/home/antonov548/jxl/build/CMakeFiles/CMakeTmp'



Parsed C implicit include dir info from above output: rv=done
  found start of include info
  found start of implicit include info
    add: [/usr/lib/gcc/x86_64-linux-gnu/9/include]
    add: [/usr/local/include]
    add: [/usr/include/x86_64-linux-gnu]
    add: [/usr/include]
  end of search list found
  collapse include dir [/usr/lib/gcc/x86_64-linux-gnu/9/include] ==> [/usr/lib/gcc/x86_64-linux-gnu/9/include]
  collapse include dir [/usr/local/include] ==> [/usr/local/include]
  collapse include dir [/usr/include/x86_64-linux-gnu] ==> [/usr/include/x86_64-linux-gnu]
  collapse include dir [/usr/include] ==> [/usr/include]
  implicit include dirs: [/usr/lib/gcc/x86_64-linux-gnu/9/include;/usr/local/include;/usr/include/x86_64-linux-gnu;/usr/include]


Parsed C implicit link information from above output:
  link line regex: [^( *|.*[/\])(ld|CMAKE_LINK_STARTFILE-NOTFOUND|([^/\]+-)?ld|collect2)[^/\]*( |$)]
  ignore line: [Change Dir: /home/antonov548/jxl/build/CMakeFiles/CMakeTmp]
  ignore line: []
  ignore line: [Run Build Command(s):/usr/bin/make cmTC_1066d/fast && /usr/bin/make -f CMakeFiles/cmTC_1066d.dir/build.make CMakeFiles/cmTC_1066d.dir/build]
  ignore line: [make[1]: Entering directory '/home/antonov548/jxl/build/CMakeFiles/CMakeTmp']
  ignore line: [Building C object CMakeFiles/cmTC_1066d.dir/CMakeCCompilerABI.c.o]
  ignore line: [/usr/bin/cc   -v -o CMakeFiles/cmTC_1066d.dir/CMakeCCompilerABI.c.o   -c /usr/share/cmake-3.16/Modules/CMakeCCompilerABI.c]
  ignore line: [Using built-in specs.]
  ignore line: [COLLECT_GCC=/usr/bin/cc]
  ignore line: [OFFLOAD_TARGET_NAMES=nvptx-none:hsa]
  ignore line: [OFFLOAD_TARGET_DEFAULT=1]
  ignore line: [Target: x86_64-linux-gnu]
  ignore line: [Configured with: ../src/configure -v --with-pkgversion='Ubuntu 9.3.0-17ubuntu1~20.04' --with-bugurl=file:///usr/share/doc/gcc-9/README.Bugs --enable-languages=c ada c++ go brig d fortran objc obj-c++ gm2 --prefix=/usr --with-gcc-major-version-only --program-suffix=-9 --program-prefix=x86_64-linux-gnu- --enable-shared --enable-linker-build-id --libexecdir=/usr/lib --without-included-gettext --enable-threads=posix --libdir=/usr/lib --enable-nls --enable-clocale=gnu --enable-libstdcxx-debug --enable-libstdcxx-time=yes --with-default-libstdcxx-abi=new --enable-gnu-unique-object --disable-vtable-verify --enable-plugin --enable-default-pie --with-system-zlib --with-target-system-zlib=auto --enable-objc-gc=auto --enable-multiarch --disable-werror --with-arch-32=i686 --with-abi=m64 --with-multilib-list=m32 m64 mx32 --enable-multilib --with-tune=generic --enable-offload-targets=nvptx-none=/build/gcc-9-HskZEa/gcc-9-9.3.0/debian/tmp-nvptx/usr hsa --without-cuda-driver --enable-checking=release --build=x86_64-linux-gnu --host=x86_64-linux-gnu --target=x86_64-linux-gnu]
  ignore line: [Thread model: posix]
  ignore line: [gcc version 9.3.0 (Ubuntu 9.3.0-17ubuntu1~20.04) ]
  ignore line: [COLLECT_GCC_OPTIONS='-v' '-o' 'CMakeFiles/cmTC_1066d.dir/CMakeCCompilerABI.c.o' '-c' '-mtune=generic' '-march=x86-64']
  ignore line: [ /usr/lib/gcc/x86_64-linux-gnu/9/cc1 -quiet -v -imultiarch x86_64-linux-gnu /usr/share/cmake-3.16/Modules/CMakeCCompilerABI.c -quiet -dumpbase CMakeCCompilerABI.c -mtune=generic -march=x86-64 -auxbase-strip CMakeFiles/cmTC_1066d.dir/CMakeCCompilerABI.c.o -version -fasynchronous-unwind-tables -fstack-protector-strong -Wformat -Wformat-security -fstack-clash-protection -fcf-protection -o /tmp/ccr8lR6x.s]
  ignore line: [GNU C17 (Ubuntu 9.3.0-17ubuntu1~20.04) version 9.3.0 (x86_64-linux-gnu)]
  ignore line: [	compiled by GNU C version 9.3.0  GMP version 6.2.0  MPFR version 4.0.2  MPC version 1.1.0  isl version isl-0.22.1-GMP]
  ignore line: []
  ignore line: [GGC heuristics: --param ggc-min-expand=100 --param ggc-min-heapsize=131072]
  ignore line: [ignoring nonexistent directory "/usr/local/include/x86_64-linux-gnu"]
  ignore line: [ignoring nonexistent directory "/usr/lib/gcc/x86_64-linux-gnu/9/include-fixed"]
  ignore line: [ignoring nonexistent directory "/usr/lib/gcc/x86_64-linux-gnu/9/../../../../x86_64-linux-gnu/include"]
  ignore line: [#include "..." search starts here:]
  ignore line: [#include <...> search starts here:]
  ignore line: [ /usr/lib/gcc/x86_64-linux-gnu/9/include]
  ignore line: [ /usr/local/include]
  ignore line: [ /usr/include/x86_64-linux-gnu]
  ignore line: [ /usr/include]
  ignore line: [End of search list.]
  ignore line: [GNU C17 (Ubuntu 9.3.0-17ubuntu1~20.04) version 9.3.0 (x86_64-linux-gnu)]
  ignore line: [	compiled by GNU C version 9.3.0  GMP version 6.2.0  MPFR version 4.0.2  MPC version 1.1.0  isl version isl-0.22.1-GMP]
  ignore line: []
  ignore line: [GGC heuristics: --param ggc-min-expand=100 --param ggc-min-heapsize=131072]
  ignore line: [Compiler executable checksum: bbf13931d8de1abe14040c9909cb6969]
  ignore line: [COLLECT_GCC_OPTIONS='-v' '-o' 'CMakeFiles/cmTC_1066d.dir/CMakeCCompilerABI.c.o' '-c' '-mtune=generic' '-march=x86-64']
  ignore line: [ as -v --64 -o CMakeFiles/cmTC_1066d.dir/CMakeCCompilerABI.c.o /tmp/ccr8lR6x.s]
  ignore line: [GNU assembler version 2.34 (x86_64-linux-gnu) using BFD version (GNU Binutils for Ubuntu) 2.34]
  ignore line: [COMPILER_PATH=/usr/lib/gcc/x86_64-linux-gnu/9/:/usr/lib/gcc/x86_64-linux-gnu/9/:/usr/lib/gcc/x86_64-linux-gnu/:/usr/lib/gcc/x86_64-linux-gnu/9/:/usr/lib/gcc/x86_64-linux-gnu/]
  ignore line: [LIBRARY_PATH=/usr/lib/gcc/x86_64-linux-gnu/9/:/usr/lib/gcc/x86_64-linux-gnu/9/../../../x86_64-linux-gnu/:/usr/lib/gcc/x86_64-linux-gnu/9/../../../../lib/:/lib/x86_64-linux-gnu/:/lib/../lib/:/usr/lib/x86_64-linux-gnu/:/usr/lib/../lib/:/usr/lib/gcc/x86_64-linux-gnu/9/../../../:/lib/:/usr/lib/]
  ignore line: [COLLECT_GCC_OPTIONS='-v' '-o' 'CMakeFiles/cmTC_1066d.dir/CMakeCCompilerABI.c.o' '-c' '-mtune=generic' '-march=x86-64']
  ignore line: [Linking C executable cmTC_1066d]
  ignore line: [/usr/bin/cmake -E cmake_link_script CMakeFiles/cmTC_1066d.dir/link.txt --verbose=1]
  ignore line: [/usr/bin/cc     -v CMakeFiles/cmTC_1066d.dir/CMakeCCompilerABI.c.o  -o cmTC_1066d ]
  ignore line: [Using built-in specs.]
  ignore line: [COLLECT_GCC=/usr/bin/cc]
  ignore line: [COLLECT_LTO_WRAPPER=/usr/lib/gcc/x86_64-linux-gnu/9/lto-wrapper]
  ignore line: [OFFLOAD_TARGET_NAMES=nvptx-none:hsa]
  ignore line: [OFFLOAD_TARGET_DEFAULT=1]
  ignore line: [Target: x86_64-linux-gnu]
  ignore line: [Configured with: ../src/configure -v --with-pkgversion='Ubuntu 9.3.0-17ubuntu1~20.04' --with-bugurl=file:///usr/share/doc/gcc-9/README.Bugs --enable-languages=c ada c++ go brig d fortran objc obj-c++ gm2 --prefix=/usr --with-gcc-major-version-only --program-suffix=-9 --program-prefix=x86_64-linux-gnu- --enable-shared --enable-linker-build-id --libexecdir=/usr/lib --without-included-gettext --enable-threads=posix --libdir=/usr/lib --enable-nls --enable-clocale=gnu --enable-libstdcxx-debug --enable-libstdcxx-time=yes --with-default-libstdcxx-abi=new --enable-gnu-unique-object --disable-vtable-verify --enable-plugin --enable-default-pie --with-system-zlib --with-target-system-zlib=auto --enable-objc-gc=auto --enable-multiarch --disable-werror --with-arch-32=i686 --with-abi=m64 --with-multilib-list=m32 m64 mx32 --enable-multilib --with-tune=generic --enable-offload-targets=nvptx-none=/build/gcc-9-HskZEa/gcc-9-9.3.0/debian/tmp-nvptx/usr hsa --without-cuda-driver --enable-checking=release --build=x86_64-linux-gnu --host=x86_64-linux-gnu --target=x86_64-linux-gnu]
  ignore line: [Thread model: posix]
  ignore line: [gcc version 9.3.0 (Ubuntu 9.3.0-17ubuntu1~20.04) ]
  ignore line: [COMPILER_PATH=/usr/lib/gcc/x86_64-linux-gnu/9/:/usr/lib/gcc/x86_64-linux-gnu/9/:/usr/lib/gcc/x86_64-linux-gnu/:/usr/lib/gcc/x86_64-linux-gnu/9/:/usr/lib/gcc/x86_64-linux-gnu/]
  ignore line: [LIBRARY_PATH=/usr/lib/gcc/x86_64-linux-gnu/9/:/usr/lib/gcc/x86_64-linux-gnu/9/../../../x86_64-linux-gnu/:/usr/lib/gcc/x86_64-linux-gnu/9/../../../../lib/:/lib/x86_64-linux-gnu/:/lib/../lib/:/usr/lib/x86_64-linux-gnu/:/usr/lib/../lib/:/usr/lib/gcc/x86_64-linux-gnu/9/../../../:/lib/:/usr/lib/]
  ignore line: [COLLECT_GCC_OPTIONS='-v' '-o' 'cmTC_1066d' '-mtune=generic' '-march=x86-64']
  link line: [ /usr/lib/gcc/x86_64-linux-gnu/9/collect2 -plugin /usr/lib/gcc/x86_64-linux-gnu/9/liblto_plugin.so -plugin-opt=/usr/lib/gcc/x86_64-linux-gnu/9/lto-wrapper -plugin-opt=-fresolution=/tmp/ccEVLcJZ.res -plugin-opt=-pass-through=-lgcc -plugin-opt=-pass-through=-lgcc_s -plugin-opt=-pass-through=-lc -plugin-opt=-pass-through=-lgcc -plugin-opt=-pass-through=-lgcc_s --build-id --eh-frame-hdr -m elf_x86_64 --hash-style=gnu --as-needed -dynamic-linker /lib64/ld-linux-x86-64.so.2 -pie -z now -z relro -o cmTC_1066d /usr/lib/gcc/x86_64-linux-gnu/9/../../../x86_64-linux-gnu/Scrt1.o /usr/lib/gcc/x86_64-linux-gnu/9/../../../x86_64-linux-gnu/crti.o /usr/lib/gcc/x86_64-linux-gnu/9/crtbeginS.o -L/usr/lib/gcc/x86_64-linux-gnu/9 -L/usr/lib/gcc/x86_64-linux-gnu/9/../../../x86_64-linux-gnu -L/usr/lib/gcc/x86_64-linux-gnu/9/../../../../lib -L/lib/x86_64-linux-gnu -L/lib/../lib -L/usr/lib/x86_64-linux-gnu -L/usr/lib/../lib -L/usr/lib/gcc/x86_64-linux-gnu/9/../../.. CMakeFiles/cmTC_1066d.dir/CMakeCCompilerABI.c.o -lgcc --push-state --as-needed -lgcc_s --pop-state -lc -lgcc --push-state --as-needed -lgcc_s --pop-state /usr/lib/gcc/x86_64-linux-gnu/9/crtendS.o /usr/lib/gcc/x86_64-linux-gnu/9/../../../x86_64-linux-gnu/crtn.o]
    arg [/usr/lib/gcc/x86_64-linux-gnu/9/collect2] ==> ignore
    arg [-plugin] ==> ignore
    arg [/usr/lib/gcc/x86_64-linux-gnu/9/liblto_plugin.so] ==> ignore
    arg [-plugin-opt=/usr/lib/gcc/x86_64-linux-gnu/9/lto-wrapper] ==> ignore
    arg [-plugin-opt=-fresolution=/tmp/ccEVLcJZ.res] ==> ignore
    arg [-plugin-opt=-pass-through=-lgcc] ==> ignore
    arg [-plugin-opt=-pass-through=-lgcc_s] ==> ignore
    arg [-plugin-opt=-pass-through=-lc] ==> ignore
    arg [-plugin-opt=-pass-through=-lgcc] ==> ignore
    arg [-plugin-opt=-pass-through=-lgcc_s] ==> ignore
    arg [--build-id] ==> ignore
    arg [--eh-frame-hdr] ==> ignore
    arg [-m] ==> ignore
    arg [elf_x86_64] ==> ignore
    arg [--hash-style=gnu] ==> ignore
    arg [--as-needed] ==> ignore
    arg [-dynamic-linker] ==> ignore
    arg [/lib64/ld-linux-x86-64.so.2] ==> ignore
    arg [-pie] ==> ignore
    arg [-znow] ==> ignore
    arg [-zrelro] ==> ignore
    arg [-o] ==> ignore
    arg [cmTC_1066d] ==> ignore
    arg [/usr/lib/gcc/x86_64-linux-gnu/9/../../../x86_64-linux-gnu/Scrt1.o] ==> ignore
    arg [/usr/lib/gcc/x86_64-linux-gnu/9/../../../x86_64-linux-gnu/crti.o] ==> ignore
    arg [/usr/lib/gcc/x86_64-linux-gnu/9/crtbeginS.o] ==> ignore
    arg [-L/usr/lib/gcc/x86_64-linux-gnu/9] ==> dir [/usr/lib/gcc/x86_64-linux-gnu/9]
    arg [-L/usr/lib/gcc/x86_64-linux-gnu/9/../../../x86_64-linux-gnu] ==> dir [/usr/lib/gcc/x86_64-linux-gnu/9/../../../x86_64-linux-gnu]
    arg [-L/usr/lib/gcc/x86_64-linux-gnu/9/../../../../lib] ==> dir [/usr/lib/gcc/x86_64-linux-gnu/9/../../../../lib]
    arg [-L/lib/x86_64-linux-gnu] ==> dir [/lib/x86_64-linux-gnu]
    arg [-L/lib/../lib] ==> dir [/lib/../lib]
    arg [-L/usr/lib/x86_64-linux-gnu] ==> dir [/usr/lib/x86_64-linux-gnu]
    arg [-L/usr/lib/../lib] ==> dir [/usr/lib/../lib]
    arg [-L/usr/lib/gcc/x86_64-linux-gnu/9/../../..] ==> dir [/usr/lib/gcc/x86_64-linux-gnu/9/../../..]
    arg [CMakeFiles/cmTC_1066d.dir/CMakeCCompilerABI.c.o] ==> ignore
    arg [-lgcc] ==> lib [gcc]
    arg [--push-state] ==> ignore
    arg [--as-needed] ==> ignore
    arg [-lgcc_s] ==> lib [gcc_s]
    arg [--pop-state] ==> ignore
    arg [-lc] ==> lib [c]
    arg [-lgcc] ==> lib [gcc]
    arg [--push-state] ==> ignore
    arg [--as-needed] ==> ignore
    arg [-lgcc_s] ==> lib [gcc_s]
    arg [--pop-state] ==> ignore
    arg [/usr/lib/gcc/x86_64-linux-gnu/9/crtendS.o] ==> ignore
    arg [/usr/lib/gcc/x86_64-linux-gnu/9/../../../x86_64-linux-gnu/crtn.o] ==> ignore
  collapse library dir [/usr/lib/gcc/x86_64-linux-gnu/9] ==> [/usr/lib/gcc/x86_64-linux-gnu/9]
  collapse library dir [/usr/lib/gcc/x86_64-linux-gnu/9/../../../x86_64-linux-gnu] ==> [/usr/lib/x86_64-linux-gnu]
  collapse library dir [/usr/lib/gcc/x86_64-linux-gnu/9/../../../../lib] ==> [/usr/lib]
  collapse library dir [/lib/x86_64-linux-gnu] ==> [/lib/x86_64-linux-gnu]
  collapse library dir [/lib/../lib] ==> [/lib]
  collapse library dir [/usr/lib/x86_64-linux-gnu] ==> [/usr/lib/x86_64-linux-gnu]
  collapse library dir [/usr/lib/../lib] ==> [/usr/lib]
  collapse library dir [/usr/lib/gcc/x86_64-linux-gnu/9/../../..] ==> [/usr/lib]
  implicit libs: [gcc;gcc_s;c;gcc;gcc_s]
  implicit dirs: [/usr/lib/gcc/x86_64-linux-gnu/9;/usr/lib/x86_64-linux-gnu;/usr/lib;/lib/x86_64-linux-gnu;/lib]
  implicit fwks: []


Compiling the CXX compiler identification source file "CMakeCXXCompilerId.cpp" succeeded.
Compiler: /home/antonov548/emsdk/upstream/emscripten/em++ 
Build flags: 
Id flags:  

The output was:
0


Compilation of the CXX compiler identification source "CMakeCXXCompilerId.cpp" produced "a.out.js"

Compilation of the CXX compiler identification source "CMakeCXXCompilerId.cpp" produced "a.out.wasm"

The CXX compiler identification is Clang, found in "/home/antonov548/jxl/build/CMakeFiles/3.16.3/CompilerIdCXX/a.out.wasm"

Determining if the CXX compiler works passed with the following output:
Change Dir: /home/antonov548/jxl/build/CMakeFiles/CMakeTmp

Run Build Command(s):/usr/bin/make cmTC_d0383/fast && /usr/bin/make -f CMakeFiles/cmTC_d0383.dir/build.make CMakeFiles/cmTC_d0383.dir/build
make[1]: Entering directory '/home/antonov548/jxl/build/CMakeFiles/CMakeTmp'
Building CXX object CMakeFiles/cmTC_d0383.dir/testCXXCompiler.cxx.o
/home/antonov548/emsdk/upstream/emscripten/em++     -o CMakeFiles/cmTC_d0383.dir/testCXXCompiler.cxx.o -c /home/antonov548/jxl/build/CMakeFiles/CMakeTmp/testCXXCompiler.cxx
Linking CXX executable cmTC_d0383
/usr/bin/cmake -E cmake_link_script CMakeFiles/cmTC_d0383.dir/link.txt --verbose=1
/home/antonov548/emsdk/upstream/emscripten/em++       CMakeFiles/cmTC_d0383.dir/testCXXCompiler.cxx.o  -o cmTC_d0383 
make[1]: Leaving directory '/home/antonov548/jxl/build/CMakeFiles/CMakeTmp'



Detecting CXX compiler ABI info compiled with the following output:
Change Dir: /home/antonov548/jxl/build/CMakeFiles/CMakeTmp

Run Build Command(s):/usr/bin/make cmTC_23460/fast && /usr/bin/make -f CMakeFiles/cmTC_23460.dir/build.make CMakeFiles/cmTC_23460.dir/build
make[1]: Entering directory '/home/antonov548/jxl/build/CMakeFiles/CMakeTmp'
Building CXX object CMakeFiles/cmTC_23460.dir/CMakeCXXCompilerABI.cpp.o
/home/antonov548/emsdk/upstream/emscripten/em++    -v -o CMakeFiles/cmTC_23460.dir/CMakeCXXCompilerABI.cpp.o -c /usr/share/cmake-3.16/Modules/CMakeCXXCompilerABI.cpp
 "/home/antonov548/emsdk/upstream/bin/clang++" -target wasm32-unknown-emscripten -DEMSCRIPTEN -fignore-exceptions -mllvm -combiner-global-alias-analysis=false -mllvm -enable-emscripten-sjlj -mllvm -disable-lsr -D__EMSCRIPTEN_major__=2 -D__EMSCRIPTEN_minor__=0 -D__EMSCRIPTEN_tiny__=26 -D_LIBCPP_ABI_VERSION=2 -Dunix -D__unix -D__unix__ -Werror=implicit-function-declaration -Xclang -iwithsysroot/include/SDL --sysroot=/home/antonov548/emsdk/upstream/emscripten/cache/sysroot -Xclang -iwithsysroot/include/compat -v -c /usr/share/cmake-3.16/Modules/CMakeCXXCompilerABI.cpp -o CMakeFiles/cmTC_23460.dir/CMakeCXXCompilerABI.cpp.o
clang version 13.0.0 (https://github.com/llvm/llvm-project 31e75512174e1bdaa242ee5c7f30fe56e68c3748)
Target: wasm32-unknown-emscripten
Thread model: posix
InstalledDir: /home/antonov548/emsdk/upstream/bin
 (in-process)
 "/home/antonov548/emsdk/upstream/bin/clang-13" -cc1 -triple wasm32-unknown-emscripten -emit-obj -mrelax-all --mrelax-relocations -disable-free -disable-llvm-verifier -discard-value-names -main-file-name CMakeCXXCompilerABI.cpp -mrelocation-model static -mframe-pointer=none -fno-rounding-math -mconstructor-aliases -target-cpu generic -fvisibility hidden -debugger-tuning=gdb -v -fcoverage-compilation-dir=/home/antonov548/jxl/build/CMakeFiles/CMakeTmp -resource-dir /home/antonov548/emsdk/upstream/lib/clang/13.0.0 -D EMSCRIPTEN -D __EMSCRIPTEN_major__=2 -D __EMSCRIPTEN_minor__=0 -D __EMSCRIPTEN_tiny__=26 -D _LIBCPP_ABI_VERSION=2 -D unix -D __unix -D __unix__ -isysroot /home/antonov548/emsdk/upstream/emscripten/cache/sysroot -internal-isystem /home/antonov548/emsdk/upstream/emscripten/cache/sysroot/include/wasm32-emscripten/c++/v1 -internal-isystem /home/antonov548/emsdk/upstream/emscripten/cache/sysroot/include/c++/v1 -internal-isystem /home/antonov548/emsdk/upstream/lib/clang/13.0.0/include -internal-isystem /home/antonov548/emsdk/upstream/emscripten/cache/sysroot/include/wasm32-emscripten -internal-isystem /home/antonov548/emsdk/upstream/emscripten/cache/sysroot/include -Werror=implicit-function-declaration -fdeprecated-macro -fdebug-compilation-dir=/home/antonov548/jxl/build/CMakeFiles/CMakeTmp -ferror-limit 19 -fgnuc-version=4.2.1 -fcxx-exceptions -fignore-exceptions -fexceptions -iwithsysroot/include/SDL -iwithsysroot/include/compat -mllvm -combiner-global-alias-analysis=false -mllvm -enable-emscripten-sjlj -mllvm -disable-lsr -o CMakeFiles/cmTC_23460.dir/CMakeCXXCompilerABI.cpp.o -x c++ /usr/share/cmake-3.16/Modules/CMakeCXXCompilerABI.cpp
clang -cc1 version 13.0.0 based upon LLVM 13.0.0git default target x86_64-unknown-linux-gnu
ignoring nonexistent directory "/home/antonov548/emsdk/upstream/emscripten/cache/sysroot/include/wasm32-emscripten/c++/v1"
ignoring nonexistent directory "/home/antonov548/emsdk/upstream/emscripten/cache/sysroot/include/wasm32-emscripten"
#include "..." search starts here:
#include <...> search starts here:
 /home/antonov548/emsdk/upstream/emscripten/cache/sysroot/include/SDL
 /home/antonov548/emsdk/upstream/emscripten/cache/sysroot/include/compat
 /home/antonov548/emsdk/upstream/emscripten/cache/sysroot/include/c++/v1
 /home/antonov548/emsdk/upstream/lib/clang/13.0.0/include
 /home/antonov548/emsdk/upstream/emscripten/cache/sysroot/include
End of search list.
Linking CXX executable cmTC_23460
/usr/bin/cmake -E cmake_link_script CMakeFiles/cmTC_23460.dir/link.txt --verbose=1
/home/antonov548/emsdk/upstream/emscripten/em++      -v CMakeFiles/cmTC_23460.dir/CMakeCXXCompilerABI.cpp.o  -o cmTC_23460 
 "/home/antonov548/emsdk/upstream/bin/wasm-ld" -o cmTC_23460.wasm CMakeFiles/cmTC_23460.dir/CMakeCXXCompilerABI.cpp.o -L/home/antonov548/emsdk/upstream/emscripten/cache/sysroot/lib/wasm32-emscripten -lGL -lal -lhtml5 -lc -lcompiler_rt -lc++-noexcept -lc++abi-noexcept -ldlmalloc -lc_rt_wasm -lsockets -mllvm -combiner-global-alias-analysis=false -mllvm -enable-emscripten-sjlj -mllvm -disable-lsr --import-undefined --strip-debug --export-if-defined=main --export-if-defined=emscripten_stack_get_end --export-if-defined=emscripten_stack_get_free --export-if-defined=emscripten_stack_init --export-if-defined=stackSave --export-if-defined=stackRestore --export-if-defined=stackAlloc --export-if-defined=__wasm_call_ctors --export-if-defined=fflush --export-if-defined=__errno_location --export-if-defined=__start_em_asm --export-if-defined=__stop_em_asm --export-table -z stack-size=5242880 --initial-memory=16777216 --no-entry --max-memory=16777216 --global-base=1024
 "/home/antonov548/emsdk/upstream/bin/wasm-emscripten-finalize" --minimize-wasm-changes --dyncalls-i64 cmTC_23460.wasm -o cmTC_23460.wasm --detect-features
 "/home/antonov548/emsdk/node/14.15.5_64bit/bin/node" /home/antonov548/emsdk/upstream/emscripten/src/compiler.js /tmp/tmpos9_vptb.txt
 "/home/antonov548/emsdk/upstream/bin/llvm-objcopy" cmTC_23460.wasm cmTC_23460.wasm --remove-section=.debug* --remove-section=producers
make[1]: Leaving directory '/home/antonov548/jxl/build/CMakeFiles/CMakeTmp'



Parsed CXX implicit include dir info from above output: rv=done
  found start of include info
  found start of implicit include info
    add: [/home/antonov548/emsdk/upstream/emscripten/cache/sysroot/include/SDL]
    add: [/home/antonov548/emsdk/upstream/emscripten/cache/sysroot/include/compat]
    add: [/home/antonov548/emsdk/upstream/emscripten/cache/sysroot/include/c++/v1]
    add: [/home/antonov548/emsdk/upstream/lib/clang/13.0.0/include]
    add: [/home/antonov548/emsdk/upstream/emscripten/cache/sysroot/include]
  end of search list found
  collapse include dir [/home/antonov548/emsdk/upstream/emscripten/cache/sysroot/include/SDL] ==> [/home/antonov548/emsdk/upstream/emscripten/cache/sysroot/include/SDL]
  collapse include dir [/home/antonov548/emsdk/upstream/emscripten/cache/sysroot/include/compat] ==> [/home/antonov548/emsdk/upstream/emscripten/cache/sysroot/include/compat]
  collapse include dir [/home/antonov548/emsdk/upstream/emscripten/cache/sysroot/include/c++/v1] ==> [/home/antonov548/emsdk/upstream/emscripten/cache/sysroot/include/c++/v1]
  collapse include dir [/home/antonov548/emsdk/upstream/lib/clang/13.0.0/include] ==> [/home/antonov548/emsdk/upstream/lib/clang/13.0.0/include]
  collapse include dir [/home/antonov548/emsdk/upstream/emscripten/cache/sysroot/include] ==> [/home/antonov548/emsdk/upstream/emscripten/cache/sysroot/include]
  implicit include dirs: [/home/antonov548/emsdk/upstream/emscripten/cache/sysroot/include/SDL;/home/antonov548/emsdk/upstream/emscripten/cache/sysroot/include/compat;/home/antonov548/emsdk/upstream/emscripten/cache/sysroot/include/c++/v1;/home/antonov548/emsdk/upstream/lib/clang/13.0.0/include;/home/antonov548/emsdk/upstream/emscripten/cache/sysroot/include]


Parsed CXX implicit link information from above output:
  link line regex: [^( *|.*[/\])(ld|CMAKE_LINK_STARTFILE-NOTFOUND|([^/\]+-)?ld|collect2)[^/\]*( |$)]
  ignore line: [Change Dir: /home/antonov548/jxl/build/CMakeFiles/CMakeTmp]
  ignore line: []
  ignore line: [Run Build Command(s):/usr/bin/make cmTC_23460/fast && /usr/bin/make -f CMakeFiles/cmTC_23460.dir/build.make CMakeFiles/cmTC_23460.dir/build]
  ignore line: [make[1]: Entering directory '/home/antonov548/jxl/build/CMakeFiles/CMakeTmp']
  ignore line: [Building CXX object CMakeFiles/cmTC_23460.dir/CMakeCXXCompilerABI.cpp.o]
  ignore line: [/home/antonov548/emsdk/upstream/emscripten/em++    -v -o CMakeFiles/cmTC_23460.dir/CMakeCXXCompilerABI.cpp.o -c /usr/share/cmake-3.16/Modules/CMakeCXXCompilerABI.cpp]
  ignore line: [ "/home/antonov548/emsdk/upstream/bin/clang++" -target wasm32-unknown-emscripten -DEMSCRIPTEN -fignore-exceptions -mllvm -combiner-global-alias-analysis=false -mllvm -enable-emscripten-sjlj -mllvm -disable-lsr -D__EMSCRIPTEN_major__=2 -D__EMSCRIPTEN_minor__=0 -D__EMSCRIPTEN_tiny__=26 -D_LIBCPP_ABI_VERSION=2 -Dunix -D__unix -D__unix__ -Werror=implicit-function-declaration -Xclang -iwithsysroot/include/SDL --sysroot=/home/antonov548/emsdk/upstream/emscripten/cache/sysroot -Xclang -iwithsysroot/include/compat -v -c /usr/share/cmake-3.16/Modules/CMakeCXXCompilerABI.cpp -o CMakeFiles/cmTC_23460.dir/CMakeCXXCompilerABI.cpp.o]
  ignore line: [clang version 13.0.0 (https://github.com/llvm/llvm-project 31e75512174e1bdaa242ee5c7f30fe56e68c3748)]
  ignore line: [Target: wasm32-unknown-emscripten]
  ignore line: [Thread model: posix]
  ignore line: [InstalledDir: /home/antonov548/emsdk/upstream/bin]
  ignore line: [ (in-process)]
  ignore line: [ "/home/antonov548/emsdk/upstream/bin/clang-13" -cc1 -triple wasm32-unknown-emscripten -emit-obj -mrelax-all --mrelax-relocations -disable-free -disable-llvm-verifier -discard-value-names -main-file-name CMakeCXXCompilerABI.cpp -mrelocation-model static -mframe-pointer=none -fno-rounding-math -mconstructor-aliases -target-cpu generic -fvisibility hidden -debugger-tuning=gdb -v -fcoverage-compilation-dir=/home/antonov548/jxl/build/CMakeFiles/CMakeTmp -resource-dir /home/antonov548/emsdk/upstream/lib/clang/13.0.0 -D EMSCRIPTEN -D __EMSCRIPTEN_major__=2 -D __EMSCRIPTEN_minor__=0 -D __EMSCRIPTEN_tiny__=26 -D _LIBCPP_ABI_VERSION=2 -D unix -D __unix -D __unix__ -isysroot /home/antonov548/emsdk/upstream/emscripten/cache/sysroot -internal-isystem /home/antonov548/emsdk/upstream/emscripten/cache/sysroot/include/wasm32-emscripten/c++/v1 -internal-isystem /home/antonov548/emsdk/upstream/emscripten/cache/sysroot/include/c++/v1 -internal-isystem /home/antonov548/emsdk/upstream/lib/clang/13.0.0/include -internal-isystem /home/antonov548/emsdk/upstream/emscripten/cache/sysroot/include/wasm32-emscripten -internal-isystem /home/antonov548/emsdk/upstream/emscripten/cache/sysroot/include -Werror=implicit-function-declaration -fdeprecated-macro -fdebug-compilation-dir=/home/antonov548/jxl/build/CMakeFiles/CMakeTmp -ferror-limit 19 -fgnuc-version=4.2.1 -fcxx-exceptions -fignore-exceptions -fexceptions -iwithsysroot/include/SDL -iwithsysroot/include/compat -mllvm -combiner-global-alias-analysis=false -mllvm -enable-emscripten-sjlj -mllvm -disable-lsr -o CMakeFiles/cmTC_23460.dir/CMakeCXXCompilerABI.cpp.o -x c++ /usr/share/cmake-3.16/Modules/CMakeCXXCompilerABI.cpp]
  ignore line: [clang -cc1 version 13.0.0 based upon LLVM 13.0.0git default target x86_64-unknown-linux-gnu]
  ignore line: [ignoring nonexistent directory "/home/antonov548/emsdk/upstream/emscripten/cache/sysroot/include/wasm32-emscripten/c++/v1"]
  ignore line: [ignoring nonexistent directory "/home/antonov548/emsdk/upstream/emscripten/cache/sysroot/include/wasm32-emscripten"]
  ignore line: [#include "..." search starts here:]
  ignore line: [#include <...> search starts here:]
  ignore line: [ /home/antonov548/emsdk/upstream/emscripten/cache/sysroot/include/SDL]
  ignore line: [ /home/antonov548/emsdk/upstream/emscripten/cache/sysroot/include/compat]
  ignore line: [ /home/antonov548/emsdk/upstream/emscripten/cache/sysroot/include/c++/v1]
  ignore line: [ /home/antonov548/emsdk/upstream/lib/clang/13.0.0/include]
  ignore line: [ /home/antonov548/emsdk/upstream/emscripten/cache/sysroot/include]
  ignore line: [End of search list.]
  ignore line: [Linking CXX executable cmTC_23460]
  ignore line: [/usr/bin/cmake -E cmake_link_script CMakeFiles/cmTC_23460.dir/link.txt --verbose=1]
  ignore line: [/home/antonov548/emsdk/upstream/emscripten/em++      -v CMakeFiles/cmTC_23460.dir/CMakeCXXCompilerABI.cpp.o  -o cmTC_23460 ]
  link line: [ "/home/antonov548/emsdk/upstream/bin/wasm-ld" -o cmTC_23460.wasm CMakeFiles/cmTC_23460.dir/CMakeCXXCompilerABI.cpp.o -L/home/antonov548/emsdk/upstream/emscripten/cache/sysroot/lib/wasm32-emscripten -lGL -lal -lhtml5 -lc -lcompiler_rt -lc++-noexcept -lc++abi-noexcept -ldlmalloc -lc_rt_wasm -lsockets -mllvm -combiner-global-alias-analysis=false -mllvm -enable-emscripten-sjlj -mllvm -disable-lsr --import-undefined --strip-debug --export-if-defined=main --export-if-defined=emscripten_stack_get_end --export-if-defined=emscripten_stack_get_free --export-if-defined=emscripten_stack_init --export-if-defined=stackSave --export-if-defined=stackRestore --export-if-defined=stackAlloc --export-if-defined=__wasm_call_ctors --export-if-defined=fflush --export-if-defined=__errno_location --export-if-defined=__start_em_asm --export-if-defined=__stop_em_asm --export-table -z stack-size=5242880 --initial-memory=16777216 --no-entry --max-memory=16777216 --global-base=1024]
    arg [/home/antonov548/emsdk/upstream/bin/wasm-ld] ==> ignore
    arg [-o] ==> ignore
    arg [cmTC_23460.wasm] ==> ignore
    arg [CMakeFiles/cmTC_23460.dir/CMakeCXXCompilerABI.cpp.o] ==> ignore
    arg [-L/home/antonov548/emsdk/upstream/emscripten/cache/sysroot/lib/wasm32-emscripten] ==> dir [/home/antonov548/emsdk/upstream/emscripten/cache/sysroot/lib/wasm32-emscripten]
    arg [-lGL] ==> lib [GL]
    arg [-lal] ==> lib [al]
    arg [-lhtml5] ==> lib [html5]
    arg [-lc] ==> lib [c]
    arg [-lcompiler_rt] ==> lib [compiler_rt]
    arg [-lc++-noexcept] ==> lib [c++-noexcept]
    arg [-lc++abi-noexcept] ==> lib [c++abi-noexcept]
    arg [-ldlmalloc] ==> lib [dlmalloc]
    arg [-lc_rt_wasm] ==> lib [c_rt_wasm]
    arg [-lsockets] ==> lib [sockets]
    arg [-mllvm] ==> ignore
    arg [-combiner-global-alias-analysis=false] ==> ignore
    arg [-mllvm] ==> ignore
    arg [-enable-emscripten-sjlj] ==> ignore
    arg [-mllvm] ==> ignore
    arg [-disable-lsr] ==> ignore
    arg [--import-undefined] ==> ignore
    arg [--strip-debug] ==> ignore
    arg [--export-if-defined=main] ==> ignore
    arg [--export-if-defined=emscripten_stack_get_end] ==> ignore
    arg [--export-if-defined=emscripten_stack_get_free] ==> ignore
    arg [--export-if-defined=emscripten_stack_init] ==> ignore
    arg [--export-if-defined=stackSave] ==> ignore
    arg [--export-if-defined=stackRestore] ==> ignore
    arg [--export-if-defined=stackAlloc] ==> ignore
    arg [--export-if-defined=__wasm_call_ctors] ==> ignore
    arg [--export-if-defined=fflush] ==> ignore
    arg [--export-if-defined=__errno_location] ==> ignore
    arg [--export-if-defined=__start_em_asm] ==> ignore
    arg [--export-if-defined=__stop_em_asm] ==> ignore
    arg [--export-table] ==> ignore
    arg [-zstack-size=5242880] ==> ignore
    arg [--initial-memory=16777216] ==> ignore
    arg [--no-entry] ==> ignore
    arg [--max-memory=16777216] ==> ignore
    arg [--global-base=1024] ==> ignore
  collapse library dir [/home/antonov548/emsdk/upstream/emscripten/cache/sysroot/lib/wasm32-emscripten] ==> [/home/antonov548/emsdk/upstream/emscripten/cache/sysroot/lib/wasm32-emscripten]
  implicit libs: [GL;al;html5;c;compiler_rt;c++-noexcept;c++abi-noexcept;dlmalloc;c_rt_wasm;sockets]
  implicit dirs: [/home/antonov548/emsdk/upstream/emscripten/cache/sysroot/lib/wasm32-emscripten]
  implicit fwks: []


